Listing 1.
// Tworzy okno potomne (wzglêdem g³ównego okna apletu) typu Frame.
import java.awt.*; 
import java.awt.event.*;
import java.applet.*;
/*
  <applet code="AppletFrame" width=300 height=50>
  </applet>
*/

// Tworzy podklasê klasy Frame.
class SampleFrame extends Frame {
  SampleFrame(String title) {
    super(title);

    // tworzy obiekt obs³uguj¹cy zdarzenia okna
    MyWindowAdapter adapter = new MyWindowAdapter(this);

    // rejestruje nowy obiekt otrzymuj¹cy te zdarzenia
    addWindowListener(adapter);
  }
  public void paint(Graphics g) {
    g.drawString("To jest okno typu Frame", 10, 40);
  }    
}

class MyWindowAdapter extends WindowAdapter {
  SampleFrame sampleFrame;

  public MyWindowAdapter(SampleFrame sampleFrame) {
    this.sampleFrame = sampleFrame;
  }

  public void windowClosing(WindowEvent we) {
    sampleFrame.setVisible(false);
  }
}

// Tworzy okno typu Frame.
public class AppletFrame extends Applet {
  Frame f;
  public void init() {
    f = new SampleFrame("Okno typu Frame");
    
    f.setSize(250, 250);
    f.setVisible(true);
  }

  public void start() {
    f.setVisible(true);
  }

  public void stop() {
    f.setVisible(false);
  }  

  public void paint(Graphics g) {
    g.drawString("To jest okno apletu", 10, 20);
  }  
}

Listing 2.
// Obs³uguje zdarzenia zwi¹zane z mysz¹ (wystêpuj¹ce w oknie potomnym i oknie apletu).
import java.awt.*;
import java.awt.event.*;
import java.applet.*;
/*
  <applet code="WindowEvents" width=300 height=50>
  </applet>
*/

// Tworzy podklasê klasy Frame.
class SampleFrame extends Frame
  implements MouseListener, MouseMotionListener {

  String msg = "";
  int mouseX=10, mouseY=40;
  int movX=0, movY=0;

  SampleFrame(String title) {
    super(title);
    // rejestruje ten obiekt do roli obiektu obs³uguj¹cego zdarzenia zwi¹zane z mysz¹
    addMouseListener(this);
    addMouseMotionListener(this);
    // tworzy obiekt obs³uguj¹cy zdarzenia okna
    MyWindowAdapter adapter = new MyWindowAdapter(this);
    // rejestruje nowy obiekt otrzymuj¹cy te zdarzenia
    addWindowListener(adapter);
  }

  // Obs³uguje zdarzenie klikniêcia przycisku myszy.
  public void mouseClicked(MouseEvent me) {
  }
  
  // Obs³uguje zdarzenie wejœcia kursora myszy w obszar okna potomnego.
  public void mouseEntered(MouseEvent evtObj) {
    // zapisuje wspó³rzêdne
    mouseX = 10;
    mouseY = 54;
    msg = "Kursor myszy wszed³ w obszar okna potomnego.";
    repaint();
  }
  // Obs³uguje zdarzenie opuszczenia przez kursor myszy obszaru okna potomnego.
  public void mouseExited(MouseEvent evtObj) {
    // zapisuje wspó³rzêdne
    mouseX = 10;
    mouseY = 54;
    msg = "Kursor myszy w³aœnie opuœci³ obszar okna potomnego.";
    repaint();
  }

  // Obs³uguje zdarzenie naciœniêcia przycisku myszy.
  public void mousePressed(MouseEvent me) {
    // zapisuje wspó³rzêdne
    mouseX = me.getX();
    mouseY = me.getY();
    msg = "Wciœniêty";
    repaint();
  }

  // Obs³uguje zdarzenie zwolnienia przycisku myszy.
  public void mouseReleased(MouseEvent me) {
    // zapisuje wspó³rzêdne
    mouseX = me.getX();
    mouseY = me.getY();
    msg = "Zwolniony";
    repaint();
  }

  // Obs³uguje przeci¹ganie kursora myszy.
  public void mouseDragged(MouseEvent me) {
    // zapisuje wspó³rzêdne
    mouseX = me.getX();
    mouseY = me.getY();
    movX = me.getX();
    movY = me.getY();
    msg = "*";
    repaint();
  }

  // Obs³uguje przesuwanie kursora myszy.
  public void mouseMoved(MouseEvent me) {
    // zapisuje wspó³rzêdne
    movX = me.getX();
    movY = me.getY();
    repaint(0, 0, 100, 60);
  }

  public void paint(Graphics g) {
    g.drawString(msg, mouseX, mouseY);
    g.drawString("Kursor myszy w punkcie (" + movX + ", " + movY + ")", 10, 40);
  }    
}

class MyWindowAdapter extends WindowAdapter {
  SampleFrame sampleFrame;

  public MyWindowAdapter(SampleFrame sampleFrame) {
    this.sampleFrame = sampleFrame;
  }

  public void windowClosing(WindowEvent we) {
    sampleFrame.setVisible(false);
  }
}

// Okno apletu.
public class WindowEvents extends Applet
  implements MouseListener, MouseMotionListener {

  SampleFrame f;
  String msg = "";
  int mouseX=0, mouseY=10;
  int movX=0, movY=0;
  
  // Tworzy okno typu Frame.
  public void init() {
    f = new SampleFrame("Obs³uga zdarzeñ myszy");
    f.setSize(300, 200);
    f.setVisible(true);

    // rejestruje ten obiekt do roli obiektu obs³uguj¹cego zdarzenia zwi¹zane z mysz¹
    addMouseListener(this);
    addMouseMotionListener(this);
  }

  // Usuwa okno typu Frame podczas zatrzymywania pracy apletu.
  public void stop() {
    f.setVisible(false); 
  }

  // Wyœwietla okno typu Frame podczas uruchamiania apletu.
  public void start() {
    f.setVisible(true); 
  }

  // Obs³uguje zdarzenie klikniêcia przycisku myszy.
  public void mouseClicked(MouseEvent me) {
  }

  // Obs³uguje zdarzenie wejœcia kursora myszy w obszar okna apletu.
  public void mouseEntered(MouseEvent me) {
    // zapisuje wspó³rzêdne
    mouseX = 0;
    mouseY = 24;
    msg = "Kursor myszy w³aœnie wszed³ w obszar okna apletu.";
    repaint();
  }

  // Obs³uguje zdarzenie opuszczenia przez kursor myszy obszaru okna apletu.
  public void mouseExited(MouseEvent me) {
    // zapisuje wspó³rzêdne
    mouseX = 0;
    mouseY = 24;
    msg = "Kursor myszy w³aœnie opuœci³ obszar okna apletu.";
    repaint();
  }

  // Obs³uguje zdarzenie naciœniêcia przycisku myszy.
  public void mousePressed(MouseEvent me) {
    // zapisuje wspó³rzêdne
    mouseX = me.getX();
    mouseY = me.getY();
    msg = "Wciœniêty";
    repaint();
  }

  // Obs³uguje zdarzenie zwolnienia przycisku myszy.
  public void mouseReleased(MouseEvent me) {
    // zapisuje wspó³rzêdne
    mouseX = me.getX();
    mouseY = me.getY();
    msg = "Zwolniony";
    repaint();
  }
  
  // Obs³uguje przeci¹ganie kursora myszy.
  public void mouseDragged(MouseEvent me) {
    // zapisuje wspó³rzêdne
    mouseX = me.getX();
    mouseY = me.getY();
    movX = me.getX();
    movY = me.getY();
    msg = "*";
    repaint();
  }

  // Obs³uguje przesuwanie kursora myszy.
  public void mouseMoved(MouseEvent me) {
    // zapisuje wspó³rzêdne
    movX = me.getX();
    movY = me.getY();
    repaint(0, 0, 100, 20);
  }

  // Wyœwietla ³añcuch msg w oknie apletu.
  public void paint(Graphics g) {
    g.drawString(msg, mouseX, mouseY);
    g.drawString("Kursor myszy w punkcie (" + movX + ", " + movY + ")", 0, 10);
 }    
}

Listing 3.
// Tworzy aplikacjê opart¹ na AWT.
import java.awt.*;
import java.awt.event.*;
import java.applet.*;

// Tworzy okno typu Frame.
public class AppWindow extends Frame {
  String keymsg = "£añcuch testowy.";
  String mousemsg = "";
  int mouseX=30, mouseY=30;

  public AppWindow() {
    addKeyListener(new MyKeyAdapter(this));
    addMouseListener(new MyMouseAdapter(this));
    addWindowListener(new MyWindowAdapter());
  }

  public void paint(Graphics g) {
    g.drawString(keymsg, 10, 40);
    g.drawString(mousemsg, mouseX, mouseY);
  }

  // Tworzy okno.
  public static void main(String args[]) {
    AppWindow appwin = new AppWindow();

    appwin.setSize(new Dimension(300, 200));
    appwin.setTitle("Aplikacja oparta na AWT");
    appwin.setVisible(true);
  }
}

class MyKeyAdapter extends KeyAdapter {
  AppWindow appWindow;

  public MyKeyAdapter(AppWindow appWindow) {
    this.appWindow = appWindow;
  }

  public void keyTyped(KeyEvent ke) {
    appWindow.keymsg += ke.getKeyChar();
    appWindow.repaint();
  };
}

class MyMouseAdapter extends MouseAdapter {
  AppWindow appWindow;

  public MyMouseAdapter(AppWindow appWindow) {
    this.appWindow = appWindow;
  }

  public void mousePressed(MouseEvent me) {
    appWindow.mouseX = me.getX();
    appWindow.mouseY = me.getY();
    appWindow.mousemsg = "Naciœniêto przycisk myszy w punkcie (" + appWindow.mouseX +
                         ", " + appWindow.mouseY + ")";
    appWindow.repaint();
  }
}

class MyWindowAdapter extends WindowAdapter {
  public void windowClosing(WindowEvent we) {
    System.exit(0);
  }
}

Listing 4.
// Rysuje odcinki
import java.awt.*;
import java.applet.*;
/*
<applet code="Lines" width=300 height=200>
</applet>
*/
public class Lines extends Applet {
  public void paint(Graphics g) {
    g.drawLine(0, 0, 100, 100);
    g.drawLine(0, 100, 100, 0);
    g.drawLine(40, 25, 250, 180);
    g.drawLine(75, 90, 400, 400);
    g.drawLine(20, 150, 400, 40);
    g.drawLine(5, 290, 80, 19);
  }
}

Listing 5.
// Rysuje prostok¹ty
import java.awt.*;
import java.applet.*;
/*
<applet code="Rectangles" width=300 height=200>
</applet>
*/

public class Rectangles extends Applet {
  public void paint(Graphics g) {
    g.drawRect(10, 10, 60, 50);
    g.fillRect(100, 10, 60, 50);
    g.drawRoundRect(190, 10, 60, 50, 15, 15);
    g.fillRoundRect(70, 90, 140, 100, 30, 40);
  }
}

Listing 6.
// Rysuje elipsy
import java.awt.*;
import java.applet.*;
/*
<applet code="Ellipses" width=300 height=200>
</applet>
*/

public class Ellipses extends Applet {
  public void paint(Graphics g) {
    g.drawOval(10, 10, 50, 50);
    g.fillOval(100, 10, 75, 50);
    g.drawOval(190, 10, 90, 30);
    g.fillOval(70, 90, 140, 100);
  }
}

Listing 7.
// Rysuje ³uki
import java.awt.*;
import java.applet.*;
/*
<applet code="Arcs" width=300 height=200>
</applet>
*/

public class Arcs extends Applet {
  public void paint(Graphics g) {
    g.drawArc(10, 40, 70, 70, 0, 75);
    g.fillArc(100, 40, 70, 70, 0, 75);
    g.drawArc(10, 100, 70, 80, 0, 175);
    g.fillArc(100, 100, 70, 90, 0, 270);
    g.drawArc(200, 80, 80, 80, 0, 180);
  }
}

Listing 8.
// Rysuje wielok¹t
import java.awt.*;
import java.applet.*;
/*
<applet code="HourGlass" width=230 height=210>
</applet>
*/

public class HourGlass extends Applet {
  public void paint(Graphics g) {
    int xpoints[] = {30, 200, 30, 200, 30};
    int ypoints[] = {30, 30, 200, 200, 30};
    int num = 5;

    g.drawPolygon(xpoints, ypoints, num);
  }
}

Listing 9.
// Zmiana rozmiarów obiektów graficznych w taki sposób, aby pasowa³y do bie¿¹cych wymiarów okna.
import java.applet.*;
import java.awt.*;
import java.awt.event.*;
/*
  <applet code="ResizeMe" width=200 height=200>
  </applet>
 */
 
public class ResizeMe extends Applet {
  final int inc = 25;
  int max = 500;
  int min = 200;
  Dimension d;

  public ResizeMe() {
    addMouseListener(new MouseAdapter() {
      public void mouseReleased(MouseEvent me) {
        int w = (d.width + inc) > max?min :(d.width + inc);
        int h = (d.height + inc) > max?min :(d.height + inc);
        setSize(new Dimension(w, h));
      }
    });
  }
  public void paint(Graphics g) {
    d = getSize();

    g.drawLine(0, 0, d.width-1, d.height-1);
    g.drawLine(0, d.height-1, d.width-1, 0);
    g.drawRect(0, 0, d.width-1, d.height-1);
  }
}

Listing 10.
// Demonstruje u¿ycie klasy Color.
import java.awt.*;
import java.applet.*;
/*
<applet code="ColorDemo" width=300 height=200>
</applet>
*/

public class ColorDemo extends Applet {
  // rysuje odcinki
  public void paint(Graphics g) {
    Color c1 = new Color(255, 100, 100);
    Color c2 = new Color(100, 255, 100);
    Color c3 = new Color(100, 100, 255);

    g.setColor(c1);
    g.drawLine(0, 0, 100, 100);
    g.drawLine(0, 100, 100, 0);

    g.setColor(c2);
    g.drawLine(40, 25, 250, 180);
    g.drawLine(75, 90, 400, 400);

    g.setColor(c3);
    g.drawLine(20, 150, 400, 40);
    g.drawLine(5, 290, 80, 19);

    g.setColor(Color.red);
    g.drawOval(10, 10, 50, 50);
    g.fillOval(70, 90, 140, 100);

    g.setColor(Color.blue);
    g.drawOval(190, 10, 90, 30);
    g.drawRect(10, 10, 60, 50);

    g.setColor(Color.cyan);
    g.fillRect(100, 10, 60, 50);
    g.drawRoundRect(190, 10, 60, 50, 15, 15);
  }
}

Listing 11.
// Demonstruje tryb ró¿nicy symetrycznej.
import java.awt.*;
import java.awt.event.*;
import java.applet.*;
/*
  <applet code="XOR" width=400 height=200>
  </applet>
*/

public class XOR extends Applet {
  int chsX=100, chsY=100;

  public XOR() {
    addMouseMotionListener(new MouseMotionAdapter() {
      public void mouseMoved(MouseEvent me) {
        int x = me.getX();
        int y = me.getY();
        chsX = x-10;
        chsY = y-10;
        repaint();
      }
    });
  }
   
  public void paint(Graphics g) {
    g.drawLine(0, 0, 100, 100);
    g.drawLine(0, 100, 100, 0);
    g.setColor(Color.blue);
    g.drawLine(40, 25, 250, 180);
    g.drawLine(75, 90, 400, 400);
    g.setColor(Color.green);
    g.drawRect(10, 10, 60, 50);
    g.fillRect(100, 10, 60, 50);
    g.setColor(Color.red);
    g.drawRoundRect(190, 10, 60, 50, 15, 15);
    g.fillRoundRect(70, 90, 140, 100, 30, 40);
    g.setColor(Color.cyan);
    g.drawLine(20, 150, 400, 40);
    g.drawLine(5, 290, 80, 19);

    // stosuje operacjê ró¿nicy symetrycznej dla celownika
    g.setXORMode(Color.black);
    g.drawLine(chsX-10, chsY, chsX+10, chsY);
    g.drawLine(chsX, chsY-10, chsX, chsY+10);
    g.setPaintMode();  
  }    
}

Listing 12.
// Wyœwietlanie czcionek (reprezentowanych przez obiekty klasy Font).
/*
<applet code="ShowFonts" width=550 height=60>
</applet>
*/
import java.applet.*;
import java.awt.*;

public class ShowFonts extends Applet {
  public void paint(Graphics g) {
    String msg = "";
    String FontList[];

    GraphicsEnvironment ge = 
      GraphicsEnvironment.getLocalGraphicsEnvironment();
    FontList = ge.getAvailableFontFamilyNames();
    for(int i = 0; i < FontList.length; i++)
      msg += FontList[i] + " ";

    g.drawString(msg, 4, 16);
  }
}

Listing 13.
// Prezentacja czcionek.
import java.applet.*;
import java.awt.*;
import java.awt.event.*;
/*
  <applet code="SampleFonts" width=200 height=100>
  </applet>
*/
 
public class SampleFonts extends Applet {
  int next = 0;
  Font f;
  String msg;

  public void init() {
    f = new Font("Dialog", Font.PLAIN, 12);
    msg = "Dialog";
    setFont(f);
    addMouseListener(new MyMouseAdapter(this));
  }
  
  public void paint(Graphics g) {
    g.drawString(msg, 4, 20);
  }
}
class MyMouseAdapter extends MouseAdapter {
  SampleFonts sampleFonts;

  public MyMouseAdapter(SampleFonts sampleFonts) {
    this.sampleFonts = sampleFonts;
  }

  public void mousePressed(MouseEvent me) {
    // Prze³¹cza czcionki w odpowiedzi na ka¿de klikniêcie.
    sampleFonts.next++;
    switch(sampleFonts.next) {
    case 0:
      sampleFonts.f = new Font("Dialog", Font.PLAIN, 12);
      sampleFonts.msg = "Dialog";
      break;
    case 1:
      sampleFonts.f = new Font("DialogInput", Font.PLAIN, 12);
      sampleFonts.msg = "DialogInput";
      break;
    case 2:
      sampleFonts.f = new Font("SansSerif", Font.PLAIN, 12);
      sampleFonts.msg = "SansSerif";
      break;
    case 3:
      sampleFonts.f = new Font("Serif", Font.PLAIN, 12);
      sampleFonts.msg = "Serif";
      break;
    case 4:
      sampleFonts.f = new Font("Monospaced", Font.PLAIN, 12);
      sampleFonts.msg = "Monospaced";
      break;
    }

    if(sampleFonts.next == 4) sampleFonts.next = -1;

    sampleFonts.setFont(sampleFonts.f);
    sampleFonts.repaint();
  }
}

Listing 14.
// Wyœwietla informacje o czcionkach.
import java.applet.*;
import java.awt.*;
/*
<applet code="FontInfo" width=350 height=60>
</applet>
*/

public class FontInfo extends Applet {
  public void paint(Graphics g) {
    Font f = g.getFont();
    String fontName = f.getName();
    String fontFamily = f.getFamily();
    int fontSize = f.getSize();
    int fontStyle = f.getStyle();

    String msg = "Rodzina: " + fontName;
    msg += ", Czcionka: " + fontFamily;
    msg += ", Rozmiar: " + fontSize + ", Styl: ";
    if((fontStyle & Font.BOLD) == Font.BOLD)
      msg += "Pogrubiony ";
    if((fontStyle & Font.ITALIC) == Font.ITALIC)
      msg += "Kursywa ";
    if((fontStyle & Font.PLAIN) == Font.PLAIN)
      msg += "Prosty ";

    g.drawString(msg, 4, 16);
  }
}

Listing 15.
// Demonstruje wielowierszowe dane wyjœciowe.
import java.applet.*;
import java.awt.*;
/*
<applet code="MultiLine" width=300 height=100>
</applet>
*/

public class MultiLine extends Applet {
  int curX=0, curY=0; // bie¿¹ca pozycja

  public void init() {
    Font f = new Font("SansSerif", Font.PLAIN, 12);
    setFont(f);
  }

  public void paint(Graphics g) {
    FontMetrics fm = g.getFontMetrics();

    nextLine("To jest pierwszy wiersz.", g);
    nextLine("To jest drugi wiersz.", g);
    sameLine(" Ten tekst jest w tym samym wierszu.", g);
    sameLine(" Ten tak¿e.", g);
    nextLine("To jest trzeci wiersz.", g);
    curX = curY = 0; // Zeruje wspó³rzêdne w ka¿dej operacji rysowania.
  }

  // Przechodzi do nastêpnego wiersza.
  void nextLine(String s, Graphics g) {
    FontMetrics fm = g.getFontMetrics();

    curY += fm.getHeight(); // przejœcie do nastêpnego wiersza
    curX = 0;
    g.drawString(s, curX, curY);
    curX = fm.stringWidth(s); // przejœcie na koniec wiersza
  }

  // Wyœwietla tekst w tym samym wierszu.
  void sameLine(String s, Graphics g) {
    FontMetrics fm = g.getFontMetrics();

    g.drawString(s, curX, curY);
    curX += fm.stringWidth(s); // przejœcie na koniec wiersza
  }
}

Listing 16.
// Wyœrodkowanie tekstu.
import java.applet.*;
import java.awt.*;
/*
  <applet code="CenterText" width=200 height=100>
  </applet> 
*/
 
public class CenterText extends Applet {
  final Font f = new Font("SansSerif", Font.BOLD, 18);

  public void paint(Graphics g) {
    Dimension d = this.getSize();

    g.setColor(Color.white);
    g.fillRect(0, 0, d.width,d.height);
    g.setColor(Color.black);
    g.setFont(f);
    drawCenteredString("Wyœrodkowany tekst.", d.width, d.height, g);
    g.drawRect(0, 0, d.width-1, d.height-1);
  }

  public void drawCenteredString(String s, int w, int h,
                                 Graphics g) {
    FontMetrics fm = g.getFontMetrics();
    int x = (w - fm.stringWidth(s)) / 2;
    int y = (fm.getAscent() + (h - (fm.getAscent()
             + fm.getDescent()))/2);
    g.drawString(s, x, y);
  }
}

Listing 17.
// Demonstruje wyrównywanie tekstu.
import java.applet.*;
import java.awt.*;
import java.awt.event.*;
import java.util.*;
/* <title>Uk³ad tekstu</title>
   <applet code="TextLayout" width=200 height=200>
   <param name="text" value="Wyœwietlanie danych wyjœciowych w Javie jest dosyæ proste. 
      Jak mieliœmy okazjê siê przekonaæ, zestaw narzêdzi AWT obs³uguje
      czcionki, kolory, tekst, elementy graficzne i znacznik. <P> Musimy siê
      oczywiœcie nauczyæ efektywnie korzystaæ z tych elementów,
      jeœli chcemy osi¹gn¹æ profesjonalne efekty.">
    <param name="fontname" value="Serif">
    <param name="fontSize" value="14">
   </applet>
 */

 public class TextLayout extends Applet {
  final int LEFT = 0;
  final int RIGHT = 1;
  final int CENTER = 2;
  final int LEFTRIGHT =3;
  int align;
  Dimension d;
  Font f;
  FontMetrics fm;
  int fontSize;
  int fh, bl;
  int space;
  String text;

  public void init() {
    setBackground(Color.white);
    text = getParameter("text");
    try {
      fontSize = Integer.parseInt(getParameter("fontSize"));}
    catch (NumberFormatException e) {
      fontSize=14;
    }
    align = LEFT;
    addMouseListener(new MyMouseAdapter(this));
  }

  public void paint(Graphics g) {
    update(g);
  }

  public void update(Graphics g) {
    d = getSize();
    g.setColor(getBackground());
    g.fillRect(0,0,d.width, d.height);
    if(f==null) f = new Font(getParameter("fontname"),
                             Font.PLAIN, fontSize);
    g.setFont(f);
    if(fm == null) {
        fm = g.getFontMetrics();
        bl = fm.getAscent();
        fh = bl + fm.getDescent();
        space = fm.stringWidth(" ");
    }

    g.setColor(Color.black);
    StringTokenizer st = new StringTokenizer(text);
    int x = 0;
    int nextx;
    int y = 0;
    String word, sp;
    int wordCount = 0;
    String line = "";
    while (st.hasMoreTokens()) {
      word = st.nextToken();
      if(word.equals("<P>")) {
        drawString(g, line, wordCount,
                   fm.stringWidth(line), y+bl);
        line = "";
        wordCount = 0;
        x = 0;
        y = y + (fh * 2);
      }
      else {
        int w = fm.stringWidth(word);
        if(( nextx = (x+space+w)) > d.width ) {
          drawString(g, line, wordCount,
                     fm.stringWidth(line), y+bl);
          line = "";
          wordCount = 0;
          x = 0;
          y = y + fh;
        }
        if(x!=0) {sp = " ";} else {sp = "";}
        line = line + sp + word;
        x = x + space + w;
        wordCount++;
      }
    }
    drawString(g, line, wordCount, fm.stringWidth(line), y+bl);
  }

  public void drawString(Graphics g, String line,
                         int wc, int lineW, int y) {
    switch(align) {
      case LEFT: g.drawString(line, 0, y);
        break;
      case RIGHT: g.drawString(line, d.width-lineW ,y);
        break;
      case CENTER: g.drawString(line, (d.width-lineW)/2, y);
        break;
      case LEFTRIGHT:
        if(lineW < (int)(d.width*.75)) {
          g.drawString(line, 0, y);
        }
        else {
          int toFill = (int)((d.width - lineW)/wc);
          int nudge = d.width - lineW - (toFill*wc);
          int s = fm.stringWidth(" ");
          StringTokenizer st = new StringTokenizer(line);
          int x = 0;
          while(st.hasMoreTokens()) {
            String word = st.nextToken();
            g.drawString(word, x, y);
            if(nudge>0) {
              x = x + fm.stringWidth(word) + space + toFill + 1;
              nudge--;
            } else {
              x = x + fm.stringWidth(word) + space + toFill;
            }
          }
        }
        break;
      }

  }

}

class MyMouseAdapter extends MouseAdapter {
  TextLayout tl;

  public MyMouseAdapter(TextLayout tl) {
    this.tl = tl;
  }
  public void mouseClicked(MouseEvent me) {
    tl.align = (tl.align + 1) % 4;
    tl.repaint();
  }
}

