Listing 1.
// Prosty komponent typu Bean.
import java.awt.*;
import java.awt.event.*;
import java.io.Serializable;

public class Colors extends Canvas implements Serializable {
   transient private Color color; // obiekt nietrwa³y
   private boolean rectangular; // zmienna trwa³a

   public Colors() {
      addMouseListener(new MouseAdapter() {
         public void mousePressed(MouseEvent me) {
            change();
         }
      });
      rectangular = false;
      setSize(200, 100);
      change();
   }

   public boolean getRectangular() {
      return rectangular;
   }

   public void setRectangular(boolean flag) {
      this.rectangular = flag;
      repaint();
   }

   private Color randomColor() {
      int r = (int)(255*Math.random());
      int g = (int)(255*Math.random());
      int b = (int)(255*Math.random());
      return new Color(r, g, b);
   }

   public void paint(Graphics g) {
      Dimension d = getSize();
      int h = d.height;
      int w = d.width;
      g.setColor(color);
      if(rectangular) {
         g.fillRect(0, 0, w-1, h-1);
      }
      else {
         g.fillOval(0, 0, w-1, h-1);
      }
   }
}

Listing 2.
// Klasa informacyjna komponentu typu Bean.
import java.beans.*;
public class ColorsBeanInfo extends SimpleBeanInfo {
   public PropertyDescriptor[] getPropertyDescriptors() {
      try {
         PropertyDescriptor rectangular = new
               PropertyDescriptor("rectangular", Colors.class);
         PropertyDescriptor pd[] = (rectangular);
         return pd;
      }
      catch(Exception e) {
         System.out.println("Przechwycono wyj¹tek: " + e);
      }
      return null;
   }
}

Listing 3.
// Wyœwietlanie informacji o w³aœciwoœciach i zdarzeniach.
import java.awt.*;
import java.beans.*;

public class IntrospectorDemo {
   public static void main(Sting args[]) {
      try {
         Class<?> c = Class.forName("Colors");
         BeanInfo beanInfo = Introspector.getBeanInfo(c);
  
         System.out.printn("W³aœciwoœci:");
         PropertyDescriptor propertyDescriptor[] =
            beanInfo.getPropertyDescriptors();
         for(int i = 0; i < propertyDescriptor.length; i++) {
            System.out.println("\t" + propertyDescriptor[i].getName());
         }

         System.out.println("Zdarzenia: ");
         EventSetDescriptor eventSetDescriptor[] =
            beanInfo.getEventSetDescriptor[];
         for(int i = 0; i < eventSetDescriptor.length; i++) {
            Systme.out.println("\t" + eventSetDescriptor[i].getName());
         }
      }
      catch(Exception e) {
         System.out.println("Przechwycono wyj¹tek. " + e);
      }
   }
}

